		ORG 8000
8000:		label INICIO
8000:F3		DI
8001:31FFFF	LD SP, FFFF
8004:210040	LD HL, 4000
8007:010018	LD BC, 1800
Enter autolocal level
800A:		local label _0
800A:3600	LD (HL), 00
800C:23		INC HL
800D:0B		DEC BC
800E:78		LD A, B
800F:B1		OR C
8010:C20A80	JP NZ, 800A
8013:010003	LD BC, 0300
8016:		local label _1
8016:3607	LD (HL), 07
8018:23		INC HL
8019:0B		DEC BC
801A:78		LD A, B
801B:B1		OR C
801C:C21680	JP NZ, 8016
801F:210060	LD HL, 6000
8022:010008	LD BC, 0800
8025:		local label _4
8025:C5		PUSH BC
8026:0600	LD B, 00
8028:		local label _5
8028:C5		PUSH BC
8029:79		LD A, C
802A:B7		OR A
802B:78		LD A, B
802C:0600	LD B, 00
802E:2806	JR Z, 8036
8030:		local label _7
8030:1F		RRA
8031:CB18	RR B
8033:0D		DEC C
8034:20FA	JR NZ, 8030
8036:		local label _6
8036:77		LD (HL), A
8037:24		INC H
8038:70		LD (HL), B
8039:25		DEC H
803A:23		INC HL
803B:C1		POP BC
803C:04		INC B
803D:20E9	JR NZ, 8028
803F:24		INC H
8040:C1		POP BC
8041:0C		INC C
8042:10E1	DJNZ 8025
8044:210070	LD HL, 7000
8047:0100C0	LD BC, C000
804A:		local label _8
804A:79		LD A, C
804B:E607	AND 07
804D:57		LD D, A
804E:79		LD A, C
804F:E6C0	AND C0
8051:0F		RRCA
8052:37		SCF
8053:1F		RRA
8054:0F		RRCA
8055:B2		OR D
8056:57		LD D, A
8057:79		LD A, C
8058:07		RLCA
8059:07		RLCA
805A:E6E0	AND E0
805C:5F		LD E, A
805D:73		LD (HL), E
805E:24		INC H
805F:72		LD (HL), D
8060:25		DEC H
8061:2C		INC L
8062:0C		INC C
8063:10E5	DJNZ 804A
8065:CD9B80	CALL 809B
8068:CDB080	CALL 80B0
806B:		local label _2
806B:215096	LD HL, 9650
806E:060B	LD B, 0B
8070:0E00	LD C, 00
8072:		local label _3
8072:79		LD A, C
8073:CB3F	SRL A
8075:57		LD D, A
8076:CB3F	SRL A
8078:82		ADD A, D
8079:C630	ADD A, 30
807B:77		LD (HL), A
807C:23		INC HL
807D:3A1097	LD A, (9710)
8080:81		ADD A, C
8081:CB3F	SRL A
8083:77		LD (HL), A
8084:23		INC HL
8085:3A1097	LD A, (9710)
8088:E60C	AND 0C
808A:0F		RRCA
808B:0F		RRCA
808C:77		LD (HL), A
808D:23		INC HL
808E:360F	LD (HL), 0F
8090:23		INC HL
8091:79		LD A, C
8092:C610	ADD A, 10
8094:4F		LD C, A
8095:10DB	DJNZ 8072
8097:76		HALT
8098:C36B80	JP 806B
Exit autolocal level
809B:		label LIMPIA_SPRITES
809B:215096	LD HL, 9650
809E:0680	LD B, 80
Enter autolocal level
80A0:		local label _1
80A0:36D1	LD (HL), D1
80A2:23		INC HL
80A3:10FB	DJNZ 80A0
80A5:21D096	LD HL, 96D0
80A8:0660	LD B, 60
80AA:		local label _2
80AA:3600	LD (HL), 00
80AC:23		INC HL
80AD:10FB	DJNZ 80AA
80AF:C9		RET
Exit autolocal level
80B0:		label MOTOR_INICIA
80B0:F3		DI
80B1:2100FE	LD HL, FE00
80B4:1101FE	LD DE, FE01
80B7:010001	LD BC, 0100
80BA:36FD	LD (HL), FD
80BC:EDB0	LDIR
80BE:3EC3	LD A, C3
80C0:32FDFD	LD (FDFD), A
80C3:21D180	LD HL, 80D1
80C6:22FEFD	LD (FDFE), HL
80C9:3EFE	LD A, FE
80CB:ED47	LD I, A
80CD:ED5E	IM 2
80CF:FB		EI
80D0:C9		RET
Defining MACRO COOR_PIXEL
No params.
80D1:		label MOTOR_VECTOR_INT
80D1:C5		PUSH BC
80D2:D5		PUSH DE
80D3:E5		PUSH HL
80D4:F5		PUSH AF
80D5:DBFE	IN A, (FE)
80D7:3E01	LD A, 01
80D9:D3FE	OUT (FE), A
80DB:CD3281	CALL 8132
80DE:3E02	LD A, 02
80E0:D3FE	OUT (FE), A
80E2:CD4581	CALL 8145
80E5:3E03	LD A, 03
80E7:D3FE	OUT (FE), A
80E9:215096	LD HL, 9650
80EC:11D096	LD DE, 96D0
Enter autolocal level
80EF:		local label _1
80EF:E5		PUSH HL
80F0:7E		LD A, (HL)
80F1:3C		INC A
80F2:FEC0	CP C0
80F4:DAFD80	JP C, 80FD
80F7:010000	LD BC, 0000
80FA:C31081	JP 8110
80FD:		local label _2
Expanding MACRO COOR_PIXEL
LD C , A 
80FD:4F		LD C, A
LD B , 0070 
80FE:0670	LD B, 70
LD A , ( BC ) 
8100:0A		LD A, (BC)
EX AF , AF' 
8101:08		EX AF, AF'
INC B 
8102:04		INC B
LD A , ( BC ) 
8103:0A		LD A, (BC)
LD B , A 
8104:47		LD B, A
EX AF , AF' 
8105:08		EX AF, AF'
LD C , A 
8106:4F		LD C, A
INC HL 
8107:23		INC HL
LD A , ( HL ) 
8108:7E		LD A, (HL)
RRCA 
8109:0F		RRCA
RRCA 
810A:0F		RRCA
RRCA 
810B:0F		RRCA
AND 001F 
810C:E61F	AND 1F
OR C 
810E:B1		OR C
LD C , A 
810F:4F		LD C, A
ENDM 
		ENDM
End of MACRO COOR_PIXEL
8110:		local label _3
8110:79		LD A, C
8111:12		LD (DE), A
8112:13		INC DE
8113:78		LD A, B
8114:12		LD (DE), A
8115:13		INC DE
8116:E1		POP HL
8117:23		INC HL
8118:23		INC HL
8119:23		INC HL
811A:23		INC HL
811B:7D		LD A, L
811C:FE7C	CP 7C
811E:20CF	JR NZ, 80EF
8120:3E07	LD A, 07
8122:D3FE	OUT (FE), A
8124:2A1097	LD HL, (9710)
8127:23		INC HL
8128:221097	LD (9710), HL
812B:F1		POP AF
812C:E1		POP HL
812D:D1		POP DE
812E:C1		POP BC
812F:FB		EI
8130:ED4D	RETI
Exit autolocal level
8132:		label MOTOR_QUITA_SPRITES
8132:21D096	LD HL, 96D0
Enter autolocal level
8135:		local label _1
8135:5E		LD E, (HL)
8136:23		INC HL
8137:56		LD D, (HL)
8138:23		INC HL
8139:7A		LD A, D
813A:B3		OR E
813B:C46E85	CALL NZ, 856E
813E:7D		LD A, L
813F:FEE6	CP E6
8141:C23581	JP NZ, 8135
8144:C9		RET
Defining MACRO PIXEL_BYTE
Exit autolocal level
No params.
8145:		label MOTOR_PONE_SPRITES
8145:215096	LD HL, 9650
Enter autolocal level
8148:		local label _1
8148:E5		PUSH HL
8149:7E		LD A, (HL)
814A:3C		INC A
814B:FEC0	CP C0
814D:D26285	JP NC, 8562
Expanding MACRO COOR_PIXEL
LD C , A 
8150:4F		LD C, A
LD B , 0070 
8151:0670	LD B, 70
LD A , ( BC ) 
8153:0A		LD A, (BC)
EX AF , AF' 
8154:08		EX AF, AF'
INC B 
8155:04		INC B
LD A , ( BC ) 
8156:0A		LD A, (BC)
LD B , A 
8157:47		LD B, A
EX AF , AF' 
8158:08		EX AF, AF'
LD C , A 
8159:4F		LD C, A
INC HL 
815A:23		INC HL
LD A , ( HL ) 
815B:7E		LD A, (HL)
RRCA 
815C:0F		RRCA
RRCA 
815D:0F		RRCA
RRCA 
815E:0F		RRCA
AND 001F 
815F:E61F	AND 1F
OR C 
8161:B1		OR C
LD C , A 
8162:4F		LD C, A
ENDM 
		ENDM
End of MACRO COOR_PIXEL
8163:C5		PUSH BC
8164:7E		LD A, (HL)
8165:E607	AND 07
8167:87		ADD A, A
8168:F660	OR 60
816A:47		LD B, A
816B:23		INC HL
816C:7E		LD A, (HL)
816D:2E00	LD L, 00
816F:1F		RRA
8170:CB1D	RR L
8172:1F		RRA
8173:CB1D	RR L
8175:1F		RRA
8176:CB1D	RR L
8178:67		LD H, A
8179:119085	LD DE, 8590
817C:19		ADD HL, DE
817D:EB		EX DE, HL
817E:E1		POP HL
817F:E5		PUSH HL
Expanding MACRO PIXEL_BYTE
LD A , ( DE ) 
8180:1A		LD A, (DE)
LD C , A 
8181:4F		LD C, A
LD A , ( BC ) 
8182:0A		LD A, (BC)
OR ( HL ) 
8183:B6		OR (HL)
LD ( HL ) , A 
8184:77		LD (HL), A
INC DE 
8185:13		INC DE
INC B 
8186:04		INC B
INC L 
8187:2C		INC L
LD A , ( BC ) 
8188:0A		LD A, (BC)
OR ( HL ) 
8189:B6		OR (HL)
LD ( HL ) , A 
818A:77		LD (HL), A
DEC B 
818B:05		DEC B
DEC L 
818C:2D		DEC L
INC H 
818D:24		INC H
LD A , H 
818E:7C		LD A, H
AND 0007 
818F:E607	AND 07
JP NZ , _4 
Enter autolocal level
8191:C29F81	JP NZ, 819F
LD A , L 
8194:7D		LD A, L
ADD A , 0020 
8195:C620	ADD A, 20
LD L , A 
8197:6F		LD L, A
JP C , _4 
8198:DA9F81	JP C, 819F
LD A , H 
819B:7C		LD A, H
SUB 0008 
819C:D608	SUB 08
LD H , A 
819E:67		LD H, A
_4 : 
819F:		local label _4
ENDM 
		ENDM
End of MACRO PIXEL_BYTE
Expanding MACRO PIXEL_BYTE
LD A , ( DE ) 
819F:1A		LD A, (DE)
LD C , A 
81A0:4F		LD C, A
LD A , ( BC ) 
81A1:0A		LD A, (BC)
OR ( HL ) 
81A2:B6		OR (HL)
LD ( HL ) , A 
81A3:77		LD (HL), A
INC DE 
81A4:13		INC DE
INC B 
81A5:04		INC B
INC L 
81A6:2C		INC L
LD A , ( BC ) 
81A7:0A		LD A, (BC)
OR ( HL ) 
81A8:B6		OR (HL)
LD ( HL ) , A 
81A9:77		LD (HL), A
DEC B 
81AA:05		DEC B
DEC L 
81AB:2D		DEC L
INC H 
81AC:24		INC H
LD A , H 
81AD:7C		LD A, H
AND 0007 
81AE:E607	AND 07
JP NZ , _4 
Enter autolocal level
81B0:C2BE81	JP NZ, 81BE
LD A , L 
81B3:7D		LD A, L
ADD A , 0020 
81B4:C620	ADD A, 20
LD L , A 
81B6:6F		LD L, A
JP C , _4 
81B7:DABE81	JP C, 81BE
LD A , H 
81BA:7C		LD A, H
SUB 0008 
81BB:D608	SUB 08
LD H , A 
81BD:67		LD H, A
_4 : 
81BE:		local label _4
ENDM 
		ENDM
End of MACRO PIXEL_BYTE
Expanding MACRO PIXEL_BYTE
LD A , ( DE ) 
81BE:1A		LD A, (DE)
LD C , A 
81BF:4F		LD C, A
LD A , ( BC ) 
81C0:0A		LD A, (BC)
OR ( HL ) 
81C1:B6		OR (HL)
LD ( HL ) , A 
81C2:77		LD (HL), A
INC DE 
81C3:13		INC DE
INC B 
81C4:04		INC B
INC L 
81C5:2C		INC L
LD A , ( BC ) 
81C6:0A		LD A, (BC)
OR ( HL ) 
81C7:B6		OR (HL)
LD ( HL ) , A 
81C8:77		LD (HL), A
DEC B 
81C9:05		DEC B
DEC L 
81CA:2D		DEC L
INC H 
81CB:24		INC H
LD A , H 
81CC:7C		LD A, H
AND 0007 
81CD:E607	AND 07
JP NZ , _4 
Enter autolocal level
81CF:C2DD81	JP NZ, 81DD
LD A , L 
81D2:7D		LD A, L
ADD A , 0020 
81D3:C620	ADD A, 20
LD L , A 
81D5:6F		LD L, A
JP C , _4 
81D6:DADD81	JP C, 81DD
LD A , H 
81D9:7C		LD A, H
SUB 0008 
81DA:D608	SUB 08
LD H , A 
81DC:67		LD H, A
_4 : 
81DD:		local label _4
ENDM 
		ENDM
End of MACRO PIXEL_BYTE
Expanding MACRO PIXEL_BYTE
LD A , ( DE ) 
81DD:1A		LD A, (DE)
LD C , A 
81DE:4F		LD C, A
LD A , ( BC ) 
81DF:0A		LD A, (BC)
OR ( HL ) 
81E0:B6		OR (HL)
LD ( HL ) , A 
81E1:77		LD (HL), A
INC DE 
81E2:13		INC DE
INC B 
81E3:04		INC B
INC L 
81E4:2C		INC L
LD A , ( BC ) 
81E5:0A		LD A, (BC)
OR ( HL ) 
81E6:B6		OR (HL)
LD ( HL ) , A 
81E7:77		LD (HL), A
DEC B 
81E8:05		DEC B
DEC L 
81E9:2D		DEC L
INC H 
81EA:24		INC H
LD A , H 
81EB:7C		LD A, H
AND 0007 
81EC:E607	AND 07
JP NZ , _4 
Enter autolocal level
81EE:C2FC81	JP NZ, 81FC
LD A , L 
81F1:7D		LD A, L
ADD A , 0020 
81F2:C620	ADD A, 20
LD L , A 
81F4:6F		LD L, A
JP C , _4 
81F5:DAFC81	JP C, 81FC
LD A , H 
81F8:7C		LD A, H
SUB 0008 
81F9:D608	SUB 08
LD H , A 
81FB:67		LD H, A
_4 : 
81FC:		local label _4
ENDM 
		ENDM
End of MACRO PIXEL_BYTE
Expanding MACRO PIXEL_BYTE
LD A , ( DE ) 
81FC:1A		LD A, (DE)
LD C , A 
81FD:4F		LD C, A
LD A , ( BC ) 
81FE:0A		LD A, (BC)
OR ( HL ) 
81FF:B6		OR (HL)
LD ( HL ) , A 
8200:77		LD (HL), A
INC DE 
8201:13		INC DE
INC B 
8202:04		INC B
INC L 
8203:2C		INC L
LD A , ( BC ) 
8204:0A		LD A, (BC)
OR ( HL ) 
8205:B6		OR (HL)
LD ( HL ) , A 
8206:77		LD (HL), A
DEC B 
8207:05		DEC B
DEC L 
8208:2D		DEC L
INC H 
8209:24		INC H
LD A , H 
820A:7C		LD A, H
AND 0007 
820B:E607	AND 07
JP NZ , _4 
Enter autolocal level
820D:C21B82	JP NZ, 821B
LD A , L 
8210:7D		LD A, L
ADD A , 0020 
8211:C620	ADD A, 20
LD L , A 
8213:6F		LD L, A
JP C , _4 
8214:DA1B82	JP C, 821B
LD A , H 
8217:7C		LD A, H
SUB 0008 
8218:D608	SUB 08
LD H , A 
821A:67		LD H, A
_4 : 
821B:		local label _4
ENDM 
		ENDM
End of MACRO PIXEL_BYTE
Expanding MACRO PIXEL_BYTE
LD A , ( DE ) 
821B:1A		LD A, (DE)
LD C , A 
821C:4F		LD C, A
LD A , ( BC ) 
821D:0A		LD A, (BC)
OR ( HL ) 
821E:B6		OR (HL)
LD ( HL ) , A 
821F:77		LD (HL), A
INC DE 
8220:13		INC DE
INC B 
8221:04		INC B
INC L 
8222:2C		INC L
LD A , ( BC ) 
8223:0A		LD A, (BC)
OR ( HL ) 
8224:B6		OR (HL)
LD ( HL ) , A 
8225:77		LD (HL), A
DEC B 
8226:05		DEC B
DEC L 
8227:2D		DEC L
INC H 
8228:24		INC H
LD A , H 
8229:7C		LD A, H
AND 0007 
822A:E607	AND 07
JP NZ , _4 
Enter autolocal level
822C:C23A82	JP NZ, 823A
LD A , L 
822F:7D		LD A, L
ADD A , 0020 
8230:C620	ADD A, 20
LD L , A 
8232:6F		LD L, A
JP C , _4 
8233:DA3A82	JP C, 823A
LD A , H 
8236:7C		LD A, H
SUB 0008 
8237:D608	SUB 08
LD H , A 
8239:67		LD H, A
_4 : 
823A:		local label _4
ENDM 
		ENDM
End of MACRO PIXEL_BYTE
Expanding MACRO PIXEL_BYTE
LD A , ( DE ) 
823A:1A		LD A, (DE)
LD C , A 
823B:4F		LD C, A
LD A , ( BC ) 
823C:0A		LD A, (BC)
OR ( HL ) 
823D:B6		OR (HL)
LD ( HL ) , A 
823E:77		LD (HL), A
INC DE 
823F:13		INC DE
INC B 
8240:04		INC B
INC L 
8241:2C		INC L
LD A , ( BC ) 
8242:0A		LD A, (BC)
OR ( HL ) 
8243:B6		OR (HL)
LD ( HL ) , A 
8244:77		LD (HL), A
DEC B 
8245:05		DEC B
DEC L 
8246:2D		DEC L
INC H 
8247:24		INC H
LD A , H 
8248:7C		LD A, H
AND 0007 
8249:E607	AND 07
JP NZ , _4 
Enter autolocal level
824B:C25982	JP NZ, 8259
LD A , L 
824E:7D		LD A, L
ADD A , 0020 
824F:C620	ADD A, 20
LD L , A 
8251:6F		LD L, A
JP C , _4 
8252:DA5982	JP C, 8259
LD A , H 
8255:7C		LD A, H
SUB 0008 
8256:D608	SUB 08
LD H , A 
8258:67		LD H, A
_4 : 
8259:		local label _4
ENDM 
		ENDM
End of MACRO PIXEL_BYTE
Expanding MACRO PIXEL_BYTE
LD A , ( DE ) 
8259:1A		LD A, (DE)
LD C , A 
825A:4F		LD C, A
LD A , ( BC ) 
825B:0A		LD A, (BC)
OR ( HL ) 
825C:B6		OR (HL)
LD ( HL ) , A 
825D:77		LD (HL), A
INC DE 
825E:13		INC DE
INC B 
825F:04		INC B
INC L 
8260:2C		INC L
LD A , ( BC ) 
8261:0A		LD A, (BC)
OR ( HL ) 
8262:B6		OR (HL)
LD ( HL ) , A 
8263:77		LD (HL), A
DEC B 
8264:05		DEC B
DEC L 
8265:2D		DEC L
INC H 
8266:24		INC H
LD A , H 
8267:7C		LD A, H
AND 0007 
8268:E607	AND 07
JP NZ , _4 
Enter autolocal level
826A:C27882	JP NZ, 8278
LD A , L 
826D:7D		LD A, L
ADD A , 0020 
826E:C620	ADD A, 20
LD L , A 
8270:6F		LD L, A
JP C , _4 
8271:DA7882	JP C, 8278
LD A , H 
8274:7C		LD A, H
SUB 0008 
8275:D608	SUB 08
LD H , A 
8277:67		LD H, A
_4 : 
8278:		local label _4
ENDM 
		ENDM
End of MACRO PIXEL_BYTE
Expanding MACRO PIXEL_BYTE
LD A , ( DE ) 
8278:1A		LD A, (DE)
LD C , A 
8279:4F		LD C, A
LD A , ( BC ) 
827A:0A		LD A, (BC)
OR ( HL ) 
827B:B6		OR (HL)
LD ( HL ) , A 
827C:77		LD (HL), A
INC DE 
827D:13		INC DE
INC B 
827E:04		INC B
INC L 
827F:2C		INC L
LD A , ( BC ) 
8280:0A		LD A, (BC)
OR ( HL ) 
8281:B6		OR (HL)
LD ( HL ) , A 
8282:77		LD (HL), A
DEC B 
8283:05		DEC B
DEC L 
8284:2D		DEC L
INC H 
8285:24		INC H
LD A , H 
8286:7C		LD A, H
AND 0007 
8287:E607	AND 07
JP NZ , _4 
Enter autolocal level
8289:C29782	JP NZ, 8297
LD A , L 
828C:7D		LD A, L
ADD A , 0020 
828D:C620	ADD A, 20
LD L , A 
828F:6F		LD L, A
JP C , _4 
8290:DA9782	JP C, 8297
LD A , H 
8293:7C		LD A, H
SUB 0008 
8294:D608	SUB 08
LD H , A 
8296:67		LD H, A
_4 : 
8297:		local label _4
ENDM 
		ENDM
End of MACRO PIXEL_BYTE
Expanding MACRO PIXEL_BYTE
LD A , ( DE ) 
8297:1A		LD A, (DE)
LD C , A 
8298:4F		LD C, A
LD A , ( BC ) 
8299:0A		LD A, (BC)
OR ( HL ) 
829A:B6		OR (HL)
LD ( HL ) , A 
829B:77		LD (HL), A
INC DE 
829C:13		INC DE
INC B 
829D:04		INC B
INC L 
829E:2C		INC L
LD A , ( BC ) 
829F:0A		LD A, (BC)
OR ( HL ) 
82A0:B6		OR (HL)
LD ( HL ) , A 
82A1:77		LD (HL), A
DEC B 
82A2:05		DEC B
DEC L 
82A3:2D		DEC L
INC H 
82A4:24		INC H
LD A , H 
82A5:7C		LD A, H
AND 0007 
82A6:E607	AND 07
JP NZ , _4 
Enter autolocal level
82A8:C2B682	JP NZ, 82B6
LD A , L 
82AB:7D		LD A, L
ADD A , 0020 
82AC:C620	ADD A, 20
LD L , A 
82AE:6F		LD L, A
JP C , _4 
82AF:DAB682	JP C, 82B6
LD A , H 
82B2:7C		LD A, H
SUB 0008 
82B3:D608	SUB 08
LD H , A 
82B5:67		LD H, A
_4 : 
82B6:		local label _4
ENDM 
		ENDM
End of MACRO PIXEL_BYTE
Expanding MACRO PIXEL_BYTE
LD A , ( DE ) 
82B6:1A		LD A, (DE)
LD C , A 
82B7:4F		LD C, A
LD A , ( BC ) 
82B8:0A		LD A, (BC)
OR ( HL ) 
82B9:B6		OR (HL)
LD ( HL ) , A 
82BA:77		LD (HL), A
INC DE 
82BB:13		INC DE
INC B 
82BC:04		INC B
INC L 
82BD:2C		INC L
LD A , ( BC ) 
82BE:0A		LD A, (BC)
OR ( HL ) 
82BF:B6		OR (HL)
LD ( HL ) , A 
82C0:77		LD (HL), A
DEC B 
82C1:05		DEC B
DEC L 
82C2:2D		DEC L
INC H 
82C3:24		INC H
LD A , H 
82C4:7C		LD A, H
AND 0007 
82C5:E607	AND 07
JP NZ , _4 
Enter autolocal level
82C7:C2D582	JP NZ, 82D5
LD A , L 
82CA:7D		LD A, L
ADD A , 0020 
82CB:C620	ADD A, 20
LD L , A 
82CD:6F		LD L, A
JP C , _4 
82CE:DAD582	JP C, 82D5
LD A , H 
82D1:7C		LD A, H
SUB 0008 
82D2:D608	SUB 08
LD H , A 
82D4:67		LD H, A
_4 : 
82D5:		local label _4
ENDM 
		ENDM
End of MACRO PIXEL_BYTE
Expanding MACRO PIXEL_BYTE
LD A , ( DE ) 
82D5:1A		LD A, (DE)
LD C , A 
82D6:4F		LD C, A
LD A , ( BC ) 
82D7:0A		LD A, (BC)
OR ( HL ) 
82D8:B6		OR (HL)
LD ( HL ) , A 
82D9:77		LD (HL), A
INC DE 
82DA:13		INC DE
INC B 
82DB:04		INC B
INC L 
82DC:2C		INC L
LD A , ( BC ) 
82DD:0A		LD A, (BC)
OR ( HL ) 
82DE:B6		OR (HL)
LD ( HL ) , A 
82DF:77		LD (HL), A
DEC B 
82E0:05		DEC B
DEC L 
82E1:2D		DEC L
INC H 
82E2:24		INC H
LD A , H 
82E3:7C		LD A, H
AND 0007 
82E4:E607	AND 07
JP NZ , _4 
Enter autolocal level
82E6:C2F482	JP NZ, 82F4
LD A , L 
82E9:7D		LD A, L
ADD A , 0020 
82EA:C620	ADD A, 20
LD L , A 
82EC:6F		LD L, A
JP C , _4 
82ED:DAF482	JP C, 82F4
LD A , H 
82F0:7C		LD A, H
SUB 0008 
82F1:D608	SUB 08
LD H , A 
82F3:67		LD H, A
_4 : 
82F4:		local label _4
ENDM 
		ENDM
End of MACRO PIXEL_BYTE
Expanding MACRO PIXEL_BYTE
LD A , ( DE ) 
82F4:1A		LD A, (DE)
LD C , A 
82F5:4F		LD C, A
LD A , ( BC ) 
82F6:0A		LD A, (BC)
OR ( HL ) 
82F7:B6		OR (HL)
LD ( HL ) , A 
82F8:77		LD (HL), A
INC DE 
82F9:13		INC DE
INC B 
82FA:04		INC B
INC L 
82FB:2C		INC L
LD A , ( BC ) 
82FC:0A		LD A, (BC)
OR ( HL ) 
82FD:B6		OR (HL)
LD ( HL ) , A 
82FE:77		LD (HL), A
DEC B 
82FF:05		DEC B
DEC L 
8300:2D		DEC L
INC H 
8301:24		INC H
LD A , H 
8302:7C		LD A, H
AND 0007 
8303:E607	AND 07
JP NZ , _4 
Enter autolocal level
8305:C21383	JP NZ, 8313
LD A , L 
8308:7D		LD A, L
ADD A , 0020 
8309:C620	ADD A, 20
LD L , A 
830B:6F		LD L, A
JP C , _4 
830C:DA1383	JP C, 8313
LD A , H 
830F:7C		LD A, H
SUB 0008 
8310:D608	SUB 08
LD H , A 
8312:67		LD H, A
_4 : 
8313:		local label _4
ENDM 
		ENDM
End of MACRO PIXEL_BYTE
Expanding MACRO PIXEL_BYTE
LD A , ( DE ) 
8313:1A		LD A, (DE)
LD C , A 
8314:4F		LD C, A
LD A , ( BC ) 
8315:0A		LD A, (BC)
OR ( HL ) 
8316:B6		OR (HL)
LD ( HL ) , A 
8317:77		LD (HL), A
INC DE 
8318:13		INC DE
INC B 
8319:04		INC B
INC L 
831A:2C		INC L
LD A , ( BC ) 
831B:0A		LD A, (BC)
OR ( HL ) 
831C:B6		OR (HL)
LD ( HL ) , A 
831D:77		LD (HL), A
DEC B 
831E:05		DEC B
DEC L 
831F:2D		DEC L
INC H 
8320:24		INC H
LD A , H 
8321:7C		LD A, H
AND 0007 
8322:E607	AND 07
JP NZ , _4 
Enter autolocal level
8324:C23283	JP NZ, 8332
LD A , L 
8327:7D		LD A, L
ADD A , 0020 
8328:C620	ADD A, 20
LD L , A 
832A:6F		LD L, A
JP C , _4 
832B:DA3283	JP C, 8332
LD A , H 
832E:7C		LD A, H
SUB 0008 
832F:D608	SUB 08
LD H , A 
8331:67		LD H, A
_4 : 
8332:		local label _4
ENDM 
		ENDM
End of MACRO PIXEL_BYTE
Expanding MACRO PIXEL_BYTE
LD A , ( DE ) 
8332:1A		LD A, (DE)
LD C , A 
8333:4F		LD C, A
LD A , ( BC ) 
8334:0A		LD A, (BC)
OR ( HL ) 
8335:B6		OR (HL)
LD ( HL ) , A 
8336:77		LD (HL), A
INC DE 
8337:13		INC DE
INC B 
8338:04		INC B
INC L 
8339:2C		INC L
LD A , ( BC ) 
833A:0A		LD A, (BC)
OR ( HL ) 
833B:B6		OR (HL)
LD ( HL ) , A 
833C:77		LD (HL), A
DEC B 
833D:05		DEC B
DEC L 
833E:2D		DEC L
INC H 
833F:24		INC H
LD A , H 
8340:7C		LD A, H
AND 0007 
8341:E607	AND 07
JP NZ , _4 
Enter autolocal level
8343:C25183	JP NZ, 8351
LD A , L 
8346:7D		LD A, L
ADD A , 0020 
8347:C620	ADD A, 20
LD L , A 
8349:6F		LD L, A
JP C , _4 
834A:DA5183	JP C, 8351
LD A , H 
834D:7C		LD A, H
SUB 0008 
834E:D608	SUB 08
LD H , A 
8350:67		LD H, A
_4 : 
8351:		local label _4
ENDM 
		ENDM
End of MACRO PIXEL_BYTE
Expanding MACRO PIXEL_BYTE
LD A , ( DE ) 
8351:1A		LD A, (DE)
LD C , A 
8352:4F		LD C, A
LD A , ( BC ) 
8353:0A		LD A, (BC)
OR ( HL ) 
8354:B6		OR (HL)
LD ( HL ) , A 
8355:77		LD (HL), A
INC DE 
8356:13		INC DE
INC B 
8357:04		INC B
INC L 
8358:2C		INC L
LD A , ( BC ) 
8359:0A		LD A, (BC)
OR ( HL ) 
835A:B6		OR (HL)
LD ( HL ) , A 
835B:77		LD (HL), A
DEC B 
835C:05		DEC B
DEC L 
835D:2D		DEC L
INC H 
835E:24		INC H
LD A , H 
835F:7C		LD A, H
AND 0007 
8360:E607	AND 07
JP NZ , _4 
Enter autolocal level
8362:C27083	JP NZ, 8370
LD A , L 
8365:7D		LD A, L
ADD A , 0020 
8366:C620	ADD A, 20
LD L , A 
8368:6F		LD L, A
JP C , _4 
8369:DA7083	JP C, 8370
LD A , H 
836C:7C		LD A, H
SUB 0008 
836D:D608	SUB 08
LD H , A 
836F:67		LD H, A
_4 : 
8370:		local label _4
ENDM 
		ENDM
End of MACRO PIXEL_BYTE
8370:E1		POP HL
8371:2C		INC L
Expanding MACRO PIXEL_BYTE
LD A , ( DE ) 
8372:1A		LD A, (DE)
LD C , A 
8373:4F		LD C, A
LD A , ( BC ) 
8374:0A		LD A, (BC)
OR ( HL ) 
8375:B6		OR (HL)
LD ( HL ) , A 
8376:77		LD (HL), A
INC DE 
8377:13		INC DE
INC B 
8378:04		INC B
INC L 
8379:2C		INC L
LD A , ( BC ) 
837A:0A		LD A, (BC)
OR ( HL ) 
837B:B6		OR (HL)
LD ( HL ) , A 
837C:77		LD (HL), A
DEC B 
837D:05		DEC B
DEC L 
837E:2D		DEC L
INC H 
837F:24		INC H
LD A , H 
8380:7C		LD A, H
AND 0007 
8381:E607	AND 07
JP NZ , _4 
Enter autolocal level
8383:C29183	JP NZ, 8391
LD A , L 
8386:7D		LD A, L
ADD A , 0020 
8387:C620	ADD A, 20
LD L , A 
8389:6F		LD L, A
JP C , _4 
838A:DA9183	JP C, 8391
LD A , H 
838D:7C		LD A, H
SUB 0008 
838E:D608	SUB 08
LD H , A 
8390:67		LD H, A
_4 : 
8391:		local label _4
ENDM 
		ENDM
End of MACRO PIXEL_BYTE
Expanding MACRO PIXEL_BYTE
LD A , ( DE ) 
8391:1A		LD A, (DE)
LD C , A 
8392:4F		LD C, A
LD A , ( BC ) 
8393:0A		LD A, (BC)
OR ( HL ) 
8394:B6		OR (HL)
LD ( HL ) , A 
8395:77		LD (HL), A
INC DE 
8396:13		INC DE
INC B 
8397:04		INC B
INC L 
8398:2C		INC L
LD A , ( BC ) 
8399:0A		LD A, (BC)
OR ( HL ) 
839A:B6		OR (HL)
LD ( HL ) , A 
839B:77		LD (HL), A
DEC B 
839C:05		DEC B
DEC L 
839D:2D		DEC L
INC H 
839E:24		INC H
LD A , H 
839F:7C		LD A, H
AND 0007 
83A0:E607	AND 07
JP NZ , _4 
Enter autolocal level
83A2:C2B083	JP NZ, 83B0
LD A , L 
83A5:7D		LD A, L
ADD A , 0020 
83A6:C620	ADD A, 20
LD L , A 
83A8:6F		LD L, A
JP C , _4 
83A9:DAB083	JP C, 83B0
LD A , H 
83AC:7C		LD A, H
SUB 0008 
83AD:D608	SUB 08
LD H , A 
83AF:67		LD H, A
_4 : 
83B0:		local label _4
ENDM 
		ENDM
End of MACRO PIXEL_BYTE
Expanding MACRO PIXEL_BYTE
LD A , ( DE ) 
83B0:1A		LD A, (DE)
LD C , A 
83B1:4F		LD C, A
LD A , ( BC ) 
83B2:0A		LD A, (BC)
OR ( HL ) 
83B3:B6		OR (HL)
LD ( HL ) , A 
83B4:77		LD (HL), A
INC DE 
83B5:13		INC DE
INC B 
83B6:04		INC B
INC L 
83B7:2C		INC L
LD A , ( BC ) 
83B8:0A		LD A, (BC)
OR ( HL ) 
83B9:B6		OR (HL)
LD ( HL ) , A 
83BA:77		LD (HL), A
DEC B 
83BB:05		DEC B
DEC L 
83BC:2D		DEC L
INC H 
83BD:24		INC H
LD A , H 
83BE:7C		LD A, H
AND 0007 
83BF:E607	AND 07
JP NZ , _4 
Enter autolocal level
83C1:C2CF83	JP NZ, 83CF
LD A , L 
83C4:7D		LD A, L
ADD A , 0020 
83C5:C620	ADD A, 20
LD L , A 
83C7:6F		LD L, A
JP C , _4 
83C8:DACF83	JP C, 83CF
LD A , H 
83CB:7C		LD A, H
SUB 0008 
83CC:D608	SUB 08
LD H , A 
83CE:67		LD H, A
_4 : 
83CF:		local label _4
ENDM 
		ENDM
End of MACRO PIXEL_BYTE
Expanding MACRO PIXEL_BYTE
LD A , ( DE ) 
83CF:1A		LD A, (DE)
LD C , A 
83D0:4F		LD C, A
LD A , ( BC ) 
83D1:0A		LD A, (BC)
OR ( HL ) 
83D2:B6		OR (HL)
LD ( HL ) , A 
83D3:77		LD (HL), A
INC DE 
83D4:13		INC DE
INC B 
83D5:04		INC B
INC L 
83D6:2C		INC L
LD A , ( BC ) 
83D7:0A		LD A, (BC)
OR ( HL ) 
83D8:B6		OR (HL)
LD ( HL ) , A 
83D9:77		LD (HL), A
DEC B 
83DA:05		DEC B
DEC L 
83DB:2D		DEC L
INC H 
83DC:24		INC H
LD A , H 
83DD:7C		LD A, H
AND 0007 
83DE:E607	AND 07
JP NZ , _4 
Enter autolocal level
83E0:C2EE83	JP NZ, 83EE
LD A , L 
83E3:7D		LD A, L
ADD A , 0020 
83E4:C620	ADD A, 20
LD L , A 
83E6:6F		LD L, A
JP C , _4 
83E7:DAEE83	JP C, 83EE
LD A , H 
83EA:7C		LD A, H
SUB 0008 
83EB:D608	SUB 08
LD H , A 
83ED:67		LD H, A
_4 : 
83EE:		local label _4
ENDM 
		ENDM
End of MACRO PIXEL_BYTE
Expanding MACRO PIXEL_BYTE
LD A , ( DE ) 
83EE:1A		LD A, (DE)
LD C , A 
83EF:4F		LD C, A
LD A , ( BC ) 
83F0:0A		LD A, (BC)
OR ( HL ) 
83F1:B6		OR (HL)
LD ( HL ) , A 
83F2:77		LD (HL), A
INC DE 
83F3:13		INC DE
INC B 
83F4:04		INC B
INC L 
83F5:2C		INC L
LD A , ( BC ) 
83F6:0A		LD A, (BC)
OR ( HL ) 
83F7:B6		OR (HL)
LD ( HL ) , A 
83F8:77		LD (HL), A
DEC B 
83F9:05		DEC B
DEC L 
83FA:2D		DEC L
INC H 
83FB:24		INC H
LD A , H 
83FC:7C		LD A, H
AND 0007 
83FD:E607	AND 07
JP NZ , _4 
Enter autolocal level
83FF:C20D84	JP NZ, 840D
LD A , L 
8402:7D		LD A, L
ADD A , 0020 
8403:C620	ADD A, 20
LD L , A 
8405:6F		LD L, A
JP C , _4 
8406:DA0D84	JP C, 840D
LD A , H 
8409:7C		LD A, H
SUB 0008 
840A:D608	SUB 08
LD H , A 
840C:67		LD H, A
_4 : 
840D:		local label _4
ENDM 
		ENDM
End of MACRO PIXEL_BYTE
Expanding MACRO PIXEL_BYTE
LD A , ( DE ) 
840D:1A		LD A, (DE)
LD C , A 
840E:4F		LD C, A
LD A , ( BC ) 
840F:0A		LD A, (BC)
OR ( HL ) 
8410:B6		OR (HL)
LD ( HL ) , A 
8411:77		LD (HL), A
INC DE 
8412:13		INC DE
INC B 
8413:04		INC B
INC L 
8414:2C		INC L
LD A , ( BC ) 
8415:0A		LD A, (BC)
OR ( HL ) 
8416:B6		OR (HL)
LD ( HL ) , A 
8417:77		LD (HL), A
DEC B 
8418:05		DEC B
DEC L 
8419:2D		DEC L
INC H 
841A:24		INC H
LD A , H 
841B:7C		LD A, H
AND 0007 
841C:E607	AND 07
JP NZ , _4 
Enter autolocal level
841E:C22C84	JP NZ, 842C
LD A , L 
8421:7D		LD A, L
ADD A , 0020 
8422:C620	ADD A, 20
LD L , A 
8424:6F		LD L, A
JP C , _4 
8425:DA2C84	JP C, 842C
LD A , H 
8428:7C		LD A, H
SUB 0008 
8429:D608	SUB 08
LD H , A 
842B:67		LD H, A
_4 : 
842C:		local label _4
ENDM 
		ENDM
End of MACRO PIXEL_BYTE
Expanding MACRO PIXEL_BYTE
LD A , ( DE ) 
842C:1A		LD A, (DE)
LD C , A 
842D:4F		LD C, A
LD A , ( BC ) 
842E:0A		LD A, (BC)
OR ( HL ) 
842F:B6		OR (HL)
LD ( HL ) , A 
8430:77		LD (HL), A
INC DE 
8431:13		INC DE
INC B 
8432:04		INC B
INC L 
8433:2C		INC L
LD A , ( BC ) 
8434:0A		LD A, (BC)
OR ( HL ) 
8435:B6		OR (HL)
LD ( HL ) , A 
8436:77		LD (HL), A
DEC B 
8437:05		DEC B
DEC L 
8438:2D		DEC L
INC H 
8439:24		INC H
LD A , H 
843A:7C		LD A, H
AND 0007 
843B:E607	AND 07
JP NZ , _4 
Enter autolocal level
843D:C24B84	JP NZ, 844B
LD A , L 
8440:7D		LD A, L
ADD A , 0020 
8441:C620	ADD A, 20
LD L , A 
8443:6F		LD L, A
JP C , _4 
8444:DA4B84	JP C, 844B
LD A , H 
8447:7C		LD A, H
SUB 0008 
8448:D608	SUB 08
LD H , A 
844A:67		LD H, A
_4 : 
844B:		local label _4
ENDM 
		ENDM
End of MACRO PIXEL_BYTE
Expanding MACRO PIXEL_BYTE
LD A , ( DE ) 
844B:1A		LD A, (DE)
LD C , A 
844C:4F		LD C, A
LD A , ( BC ) 
844D:0A		LD A, (BC)
OR ( HL ) 
844E:B6		OR (HL)
LD ( HL ) , A 
844F:77		LD (HL), A
INC DE 
8450:13		INC DE
INC B 
8451:04		INC B
INC L 
8452:2C		INC L
LD A , ( BC ) 
8453:0A		LD A, (BC)
OR ( HL ) 
8454:B6		OR (HL)
LD ( HL ) , A 
8455:77		LD (HL), A
DEC B 
8456:05		DEC B
DEC L 
8457:2D		DEC L
INC H 
8458:24		INC H
LD A , H 
8459:7C		LD A, H
AND 0007 
845A:E607	AND 07
JP NZ , _4 
Enter autolocal level
845C:C26A84	JP NZ, 846A
LD A , L 
845F:7D		LD A, L
ADD A , 0020 
8460:C620	ADD A, 20
LD L , A 
8462:6F		LD L, A
JP C , _4 
8463:DA6A84	JP C, 846A
LD A , H 
8466:7C		LD A, H
SUB 0008 
8467:D608	SUB 08
LD H , A 
8469:67		LD H, A
_4 : 
846A:		local label _4
ENDM 
		ENDM
End of MACRO PIXEL_BYTE
Expanding MACRO PIXEL_BYTE
LD A , ( DE ) 
846A:1A		LD A, (DE)
LD C , A 
846B:4F		LD C, A
LD A , ( BC ) 
846C:0A		LD A, (BC)
OR ( HL ) 
846D:B6		OR (HL)
LD ( HL ) , A 
846E:77		LD (HL), A
INC DE 
846F:13		INC DE
INC B 
8470:04		INC B
INC L 
8471:2C		INC L
LD A , ( BC ) 
8472:0A		LD A, (BC)
OR ( HL ) 
8473:B6		OR (HL)
LD ( HL ) , A 
8474:77		LD (HL), A
DEC B 
8475:05		DEC B
DEC L 
8476:2D		DEC L
INC H 
8477:24		INC H
LD A , H 
8478:7C		LD A, H
AND 0007 
8479:E607	AND 07
JP NZ , _4 
Enter autolocal level
847B:C28984	JP NZ, 8489
LD A , L 
847E:7D		LD A, L
ADD A , 0020 
847F:C620	ADD A, 20
LD L , A 
8481:6F		LD L, A
JP C , _4 
8482:DA8984	JP C, 8489
LD A , H 
8485:7C		LD A, H
SUB 0008 
8486:D608	SUB 08
LD H , A 
8488:67		LD H, A
_4 : 
8489:		local label _4
ENDM 
		ENDM
End of MACRO PIXEL_BYTE
Expanding MACRO PIXEL_BYTE
LD A , ( DE ) 
8489:1A		LD A, (DE)
LD C , A 
848A:4F		LD C, A
LD A , ( BC ) 
848B:0A		LD A, (BC)
OR ( HL ) 
848C:B6		OR (HL)
LD ( HL ) , A 
848D:77		LD (HL), A
INC DE 
848E:13		INC DE
INC B 
848F:04		INC B
INC L 
8490:2C		INC L
LD A , ( BC ) 
8491:0A		LD A, (BC)
OR ( HL ) 
8492:B6		OR (HL)
LD ( HL ) , A 
8493:77		LD (HL), A
DEC B 
8494:05		DEC B
DEC L 
8495:2D		DEC L
INC H 
8496:24		INC H
LD A , H 
8497:7C		LD A, H
AND 0007 
8498:E607	AND 07
JP NZ , _4 
Enter autolocal level
849A:C2A884	JP NZ, 84A8
LD A , L 
849D:7D		LD A, L
ADD A , 0020 
849E:C620	ADD A, 20
LD L , A 
84A0:6F		LD L, A
JP C , _4 
84A1:DAA884	JP C, 84A8
LD A , H 
84A4:7C		LD A, H
SUB 0008 
84A5:D608	SUB 08
LD H , A 
84A7:67		LD H, A
_4 : 
84A8:		local label _4
ENDM 
		ENDM
End of MACRO PIXEL_BYTE
Expanding MACRO PIXEL_BYTE
LD A , ( DE ) 
84A8:1A		LD A, (DE)
LD C , A 
84A9:4F		LD C, A
LD A , ( BC ) 
84AA:0A		LD A, (BC)
OR ( HL ) 
84AB:B6		OR (HL)
LD ( HL ) , A 
84AC:77		LD (HL), A
INC DE 
84AD:13		INC DE
INC B 
84AE:04		INC B
INC L 
84AF:2C		INC L
LD A , ( BC ) 
84B0:0A		LD A, (BC)
OR ( HL ) 
84B1:B6		OR (HL)
LD ( HL ) , A 
84B2:77		LD (HL), A
DEC B 
84B3:05		DEC B
DEC L 
84B4:2D		DEC L
INC H 
84B5:24		INC H
LD A , H 
84B6:7C		LD A, H
AND 0007 
84B7:E607	AND 07
JP NZ , _4 
Enter autolocal level
84B9:C2C784	JP NZ, 84C7
LD A , L 
84BC:7D		LD A, L
ADD A , 0020 
84BD:C620	ADD A, 20
LD L , A 
84BF:6F		LD L, A
JP C , _4 
84C0:DAC784	JP C, 84C7
LD A , H 
84C3:7C		LD A, H
SUB 0008 
84C4:D608	SUB 08
LD H , A 
84C6:67		LD H, A
_4 : 
84C7:		local label _4
ENDM 
		ENDM
End of MACRO PIXEL_BYTE
Expanding MACRO PIXEL_BYTE
LD A , ( DE ) 
84C7:1A		LD A, (DE)
LD C , A 
84C8:4F		LD C, A
LD A , ( BC ) 
84C9:0A		LD A, (BC)
OR ( HL ) 
84CA:B6		OR (HL)
LD ( HL ) , A 
84CB:77		LD (HL), A
INC DE 
84CC:13		INC DE
INC B 
84CD:04		INC B
INC L 
84CE:2C		INC L
LD A , ( BC ) 
84CF:0A		LD A, (BC)
OR ( HL ) 
84D0:B6		OR (HL)
LD ( HL ) , A 
84D1:77		LD (HL), A
DEC B 
84D2:05		DEC B
DEC L 
84D3:2D		DEC L
INC H 
84D4:24		INC H
LD A , H 
84D5:7C		LD A, H
AND 0007 
84D6:E607	AND 07
JP NZ , _4 
Enter autolocal level
84D8:C2E684	JP NZ, 84E6
LD A , L 
84DB:7D		LD A, L
ADD A , 0020 
84DC:C620	ADD A, 20
LD L , A 
84DE:6F		LD L, A
JP C , _4 
84DF:DAE684	JP C, 84E6
LD A , H 
84E2:7C		LD A, H
SUB 0008 
84E3:D608	SUB 08
LD H , A 
84E5:67		LD H, A
_4 : 
84E6:		local label _4
ENDM 
		ENDM
End of MACRO PIXEL_BYTE
Expanding MACRO PIXEL_BYTE
LD A , ( DE ) 
84E6:1A		LD A, (DE)
LD C , A 
84E7:4F		LD C, A
LD A , ( BC ) 
84E8:0A		LD A, (BC)
OR ( HL ) 
84E9:B6		OR (HL)
LD ( HL ) , A 
84EA:77		LD (HL), A
INC DE 
84EB:13		INC DE
INC B 
84EC:04		INC B
INC L 
84ED:2C		INC L
LD A , ( BC ) 
84EE:0A		LD A, (BC)
OR ( HL ) 
84EF:B6		OR (HL)
LD ( HL ) , A 
84F0:77		LD (HL), A
DEC B 
84F1:05		DEC B
DEC L 
84F2:2D		DEC L
INC H 
84F3:24		INC H
LD A , H 
84F4:7C		LD A, H
AND 0007 
84F5:E607	AND 07
JP NZ , _4 
Enter autolocal level
84F7:C20585	JP NZ, 8505
LD A , L 
84FA:7D		LD A, L
ADD A , 0020 
84FB:C620	ADD A, 20
LD L , A 
84FD:6F		LD L, A
JP C , _4 
84FE:DA0585	JP C, 8505
LD A , H 
8501:7C		LD A, H
SUB 0008 
8502:D608	SUB 08
LD H , A 
8504:67		LD H, A
_4 : 
8505:		local label _4
ENDM 
		ENDM
End of MACRO PIXEL_BYTE
Expanding MACRO PIXEL_BYTE
LD A , ( DE ) 
8505:1A		LD A, (DE)
LD C , A 
8506:4F		LD C, A
LD A , ( BC ) 
8507:0A		LD A, (BC)
OR ( HL ) 
8508:B6		OR (HL)
LD ( HL ) , A 
8509:77		LD (HL), A
INC DE 
850A:13		INC DE
INC B 
850B:04		INC B
INC L 
850C:2C		INC L
LD A , ( BC ) 
850D:0A		LD A, (BC)
OR ( HL ) 
850E:B6		OR (HL)
LD ( HL ) , A 
850F:77		LD (HL), A
DEC B 
8510:05		DEC B
DEC L 
8511:2D		DEC L
INC H 
8512:24		INC H
LD A , H 
8513:7C		LD A, H
AND 0007 
8514:E607	AND 07
JP NZ , _4 
Enter autolocal level
8516:C22485	JP NZ, 8524
LD A , L 
8519:7D		LD A, L
ADD A , 0020 
851A:C620	ADD A, 20
LD L , A 
851C:6F		LD L, A
JP C , _4 
851D:DA2485	JP C, 8524
LD A , H 
8520:7C		LD A, H
SUB 0008 
8521:D608	SUB 08
LD H , A 
8523:67		LD H, A
_4 : 
8524:		local label _4
ENDM 
		ENDM
End of MACRO PIXEL_BYTE
Expanding MACRO PIXEL_BYTE
LD A , ( DE ) 
8524:1A		LD A, (DE)
LD C , A 
8525:4F		LD C, A
LD A , ( BC ) 
8526:0A		LD A, (BC)
OR ( HL ) 
8527:B6		OR (HL)
LD ( HL ) , A 
8528:77		LD (HL), A
INC DE 
8529:13		INC DE
INC B 
852A:04		INC B
INC L 
852B:2C		INC L
LD A , ( BC ) 
852C:0A		LD A, (BC)
OR ( HL ) 
852D:B6		OR (HL)
LD ( HL ) , A 
852E:77		LD (HL), A
DEC B 
852F:05		DEC B
DEC L 
8530:2D		DEC L
INC H 
8531:24		INC H
LD A , H 
8532:7C		LD A, H
AND 0007 
8533:E607	AND 07
JP NZ , _4 
Enter autolocal level
8535:C24385	JP NZ, 8543
LD A , L 
8538:7D		LD A, L
ADD A , 0020 
8539:C620	ADD A, 20
LD L , A 
853B:6F		LD L, A
JP C , _4 
853C:DA4385	JP C, 8543
LD A , H 
853F:7C		LD A, H
SUB 0008 
8540:D608	SUB 08
LD H , A 
8542:67		LD H, A
_4 : 
8543:		local label _4
ENDM 
		ENDM
End of MACRO PIXEL_BYTE
Expanding MACRO PIXEL_BYTE
LD A , ( DE ) 
8543:1A		LD A, (DE)
LD C , A 
8544:4F		LD C, A
LD A , ( BC ) 
8545:0A		LD A, (BC)
OR ( HL ) 
8546:B6		OR (HL)
LD ( HL ) , A 
8547:77		LD (HL), A
INC DE 
8548:13		INC DE
INC B 
8549:04		INC B
INC L 
854A:2C		INC L
LD A , ( BC ) 
854B:0A		LD A, (BC)
OR ( HL ) 
854C:B6		OR (HL)
LD ( HL ) , A 
854D:77		LD (HL), A
DEC B 
854E:05		DEC B
DEC L 
854F:2D		DEC L
INC H 
8550:24		INC H
LD A , H 
8551:7C		LD A, H
AND 0007 
8552:E607	AND 07
JP NZ , _4 
Enter autolocal level
8554:C26285	JP NZ, 8562
LD A , L 
8557:7D		LD A, L
ADD A , 0020 
8558:C620	ADD A, 20
LD L , A 
855A:6F		LD L, A
JP C , _4 
855B:DA6285	JP C, 8562
LD A , H 
855E:7C		LD A, H
SUB 0008 
855F:D608	SUB 08
LD H , A 
8561:67		LD H, A
_4 : 
8562:		local label _4
ENDM 
		ENDM
End of MACRO PIXEL_BYTE
8562:		local label _2
8562:E1		POP HL
8563:23		INC HL
8564:23		INC HL
8565:23		INC HL
8566:23		INC HL
8567:7D		LD A, L
8568:FE7C	CP 7C
856A:C24881	JP NZ, 8148
856D:C9		RET
Exit autolocal level
856E:		label MOTOR_RESTAURA_ZONA
856E:0610	LD B, 10
Enter autolocal level
8570:		local label _0
8570:AF		XOR A
8571:12		LD (DE), A
8572:1C		INC E
8573:12		LD (DE), A
8574:1C		INC E
8575:12		LD (DE), A
8576:05		DEC B
8577:C8		RET Z
8578:1D		DEC E
8579:1D		DEC E
857A:14		INC D
857B:7A		LD A, D
857C:E607	AND 07
857E:C27085	JP NZ, 8570
8581:7B		LD A, E
8582:C620	ADD A, 20
8584:5F		LD E, A
8585:DA7085	JP C, 8570
8588:7A		LD A, D
8589:D608	SUB 08
858B:57		LD D, A
858C:C37085	JP 8570
Exit autolocal level
858F:		label MOTOR_COOR_SPRITE
858F:C9		RET
		INCLUDE sprites.asm
8590:		label SPRITES_HEROES
8590:00010300	DEFB of 16 bytes
8594:04060F0F
8598:0F0F000F
859C:0E1C381C
85A0:00800000	DEFB of 16 bytes
85A4:000FF7CC
85A8:F080C0C0
85AC:C0E0707C
85B0:01030004	DEFB of 16 bytes
85B4:060F0F0F
85B8:0F030C0F
85BC:0F0E0F01
85C0:80000000	DEFB of 16 bytes
85C4:0FF7CCF0
85C8:C080C0C0
85CC:808040F0
85D0:01030004	DEFB of 16 bytes
85D4:060F0F0F
85D8:0F030C0F
85DC:0707080F
85E0:80000000	DEFB of 16 bytes
85E4:0FF7CCF0
85E8:C080C080
85EC:00C00080
85F0:01030004	DEFB of 16 bytes
85F4:060F0F0F
85F8:0F030C0F
85FC:0F0D191E
8600:80000000	DEFB of 16 bytes
8604:0FF7CCF0
8608:C080C0C0
860C:8080F000
8610:00010000	DEFB of 16 bytes
8614:00F0EF33
8618:0F010303
861C:03070E3E
8620:0080C000	DEFB of 16 bytes
8624:2060F0F0
8628:F0F000F0
862C:70381C38
8630:01000000	DEFB of 16 bytes
8634:F0EF330F
8638:03010303
863C:0101020F
8640:80C00020	DEFB of 16 bytes
8644:60F0F0F0
8648:F0C030F0
864C:F070F080
8650:01000000	DEFB of 16 bytes
8654:F0EF330F
8658:03010301
865C:00030001
8660:80C00020	DEFB of 16 bytes
8664:60F0F0F0
8668:F0C030F0
866C:E0E010F0
8670:01000000	DEFB of 16 bytes
8674:F0EF330F
8678:03010303
867C:01010F00
8680:80C00020	DEFB of 16 bytes
8684:60F0F0F0
8688:F0C030F0
868C:F0B09878
8690:03000000	DEFB of 16 bytes
8694:001C1B0C
8698:050B0506
869C:070E0E0E
86A0:C0000000	DEFB of 16 bytes
86A4:0038D830
86A8:A0D0A060
86AC:E0000000
86B0:03000000	DEFB of 16 bytes
86B4:001C1B0C
86B8:050B0506
86BC:0F0E0000
86C0:C0000000	DEFB of 16 bytes
86C4:0038D830
86C8:A0D0A060
86CC:F0700000
86D0:03000000	DEFB of 16 bytes
86D4:001C1B0C
86D8:050B0506
86DC:07000000
86E0:C0000000	DEFB of 16 bytes
86E4:0038D830
86E8:A0D0A060
86EC:E0707070
86F0:00000000	DEFB of 16 bytes
86F4:00000000
86F8:00000000
86FC:00000000
8700:00000000	DEFB of 16 bytes
8704:00000000
8708:00000000
870C:00000000
8710:03070300	DEFB of 16 bytes
8714:041F1F0F
8718:0F0F0106
871C:070E0E0E
8720:C0E0C000	DEFB of 16 bytes
8724:20F8F8F0
8728:F0F08060
872C:E0000000
8730:03070300	DEFB of 16 bytes
8734:041F1F0F
8738:0F0F0106
873C:0F0E0000
8740:C0E0C000	DEFB of 16 bytes
8744:20F8F8F0
8748:F0F08060
874C:F0700000
8750:03070300	DEFB of 16 bytes
8754:041F1F0F
8758:0F0F0106
875C:07000000
8760:C0E0C000	DEFB of 16 bytes
8764:20F8F8F0
8768:F0F08060
876C:E0707070
8770:00000000	DEFB of 16 bytes
8774:00000000
8778:00000000
877C:00000000
8780:00000000	DEFB of 16 bytes
8784:00000000
8788:00000000
878C:00000000
8790:00070A0A	DEFB of 16 bytes
8794:0C060F0F
8798:0707000F
879C:0E1C381C
87A0:00000080	DEFB of 16 bytes
87A4:000FF7CC
87A8:F080C0C0
87AC:C0E0707C
87B0:070A0A0C	DEFB of 16 bytes
87B4:060F0F07
87B8:07030C0F
87BC:070E0F01
87C0:00008000	DEFB of 16 bytes
87C4:0FF7CCF0
87C8:C080C0C0
87CC:808040F0
87D0:070A0A0C	DEFB of 16 bytes
87D4:060F0F07
87D8:07030C0F
87DC:0707080F
87E0:00008000	DEFB of 16 bytes
87E4:0FF7CCF0
87E8:C080C080
87EC:00C00080
87F0:070A0A0C	DEFB of 16 bytes
87F4:060F0F07
87F8:07030C0F
87FC:070D191E
8800:00008000	DEFB of 16 bytes
8804:0FF7CCF0
8808:C080C0C0
880C:8080F000
8810:00000001	DEFB of 16 bytes
8814:00F0EF33
8818:0F010303
881C:03070E3E
8820:00E05050	DEFB of 16 bytes
8824:3060F0F0
8828:E0E000F0
882C:70381C38
8830:00000100	DEFB of 16 bytes
8834:F0EF330F
8838:03010303
883C:0101020F
8840:E0505030	DEFB of 16 bytes
8844:60F0F0E0
8848:E0C030F0
884C:E070F080
8850:00000100	DEFB of 16 bytes
8854:F0EF330F
8858:03010301
885C:00030001
8860:E0505030	DEFB of 16 bytes
8864:60F0F0E0
8868:E0C030F0
886C:E0E010F0
8870:00000100	DEFB of 16 bytes
8874:F0EF330F
8878:03010303
887C:01010F00
8880:E0505030	DEFB of 16 bytes
8884:60F0F0E0
8888:E0C030F0
888C:E0B09878
8890:03000002	DEFB of 16 bytes
8894:000C1B0C
8898:05030506
889C:07060707
88A0:C0000040	DEFB of 16 bytes
88A4:00305830
88A8:A0C0A070
88AC:F0000000
88B0:03000002	DEFB of 16 bytes
88B4:000C1B0C
88B8:0503050E
88BC:0F0E0000
88C0:C0000040	DEFB of 16 bytes
88C4:00305830
88C8:A0C0A070
88CC:F0700000
88D0:03000002	DEFB of 16 bytes
88D4:000C1B0C
88D8:0503050E
88DC:0F000000
88E0:C0000040	DEFB of 16 bytes
88E4:00305830
88E8:A0C0A060
88EC:E060E0E0
88F0:00000000	DEFB of 16 bytes
88F4:00000000
88F8:00000000
88FC:00000000
8900:00000000	DEFB of 16 bytes
8904:00000000
8908:00000000
890C:00000000
8910:03050505	DEFB of 16 bytes
8914:030C1F0F
8918:07070106
891C:07060707
8920:C0606060	DEFB of 16 bytes
8924:C030F8F0
8928:E0E08070
892C:F0000000
8930:03050505	DEFB of 16 bytes
8934:030C1F0F
8938:0707010E
893C:0F0E0000
8940:C0606060	DEFB of 16 bytes
8944:C030F8F0
8948:E0E08070
894C:F0700000
8950:03050505	DEFB of 16 bytes
8954:030C1F0F
8958:0707010E
895C:0F000000
8960:C0606060	DEFB of 16 bytes
8964:C030F8F0
8968:E0E08060
896C:E060E0E0
8970:00000000	DEFB of 16 bytes
8974:00000000
8978:00000000
897C:00000000
8980:00000000	DEFB of 16 bytes
8984:00000000
8988:00000000
898C:00000000
8990:00000103	DEFB of 16 bytes
8994:03010000
8998:00000000
899C:00000000
89A0:000080C0	DEFB of 16 bytes
89A4:C0800000
89A8:00000000
89AC:00000000
89B0:30787933	DEFB of 16 bytes
89B4:03010000
89B8:00000000
89BC:00000000
89C0:0C1E9ECC	DEFB of 16 bytes
89C4:C0800000
89C8:00000000
89CC:00000000
89D0:03060000	DEFB of 16 bytes
89D4:040F0F0F
89D8:0F030C0F
89DC:07070707
89E0:00000000	DEFB of 16 bytes
89E4:0080C0C0
89E8:806060A0
89EC:A00000C0
89F0:0E141518	DEFB of 16 bytes
89F4:040F0F07
89F8:07030C0F
89FC:07070707
8A00:00000000	DEFB of 16 bytes
8A04:0080C0C0
8A08:806060A0
8A0C:A00000C0
8A10:01030305	DEFB of 16 bytes
8A14:060F0F0F
8A18:0F030C0F
8A1C:0F0E0F01
8A20:E0A0F0E0	DEFB of 16 bytes
8A24:0FF7CCF0
8A28:C080C0C0
8A2C:808040F0
8A30:00000002	DEFB of 16 bytes
8A34:00000000
8A38:00030000
8A3C:0010301C
8A40:00400010	DEFB of 16 bytes
8A44:0000370C
8A48:30800000
8A4C:4060303C
8A50:		label SPRITES_JEFES
8A50:00000F3F	DEFB of 16 bytes
8A54:615E535B
8A58:596E133C
8A5C:381F1515
8A60:0000FFFF	DEFB of 16 bytes
8A64:FF7F413D
8A68:656C4DBB
8A6C:47FE595B
8A70:00B0B6DE	DEFB of 16 bytes
8A74:DBDB9BB6
8A78:76C2BC7E
8A7C:7D3B3A75
8A80:00000080	DEFB of 16 bytes
8A84:404050D8
8A88:C88C8686
8A8C:0E0EFEFE
8A90:0001150F	DEFB of 16 bytes
8A94:03000000
8A98:0406191B
8A9C:07010000
8AA0:1851E3EF	DEFB of 16 bytes
8AA4:C7306DCD
8AA8:9B1307CF
8AAC:B77B3C0C
8AB0:BBD7CFDF	DEFB of 16 bytes
8AB4:BF7EFE1D
8AB8:0B070102
8ABC:0F330F3C
8AC0:BEBEBCBC	DEFB of 16 bytes
8AC4:78E000E0
8AC8:F08078F4
8ACC:6CBCC000
8AD0:0F3F6140	DEFB of 16 bytes
8AD4:5E535B59
8AD8:6E133C38
8ADC:1F151500
8AE0:FEFFFFFF	DEFB of 16 bytes
8AE4:47033D65
8AE8:6D4DBB47
8AEC:FE595B18
8AF0:00B0B6DE	DEFB of 16 bytes
8AF4:DBDB9BB6
8AF8:76C2BC7E
8AFC:7D3B3A3A
8B00:00000080	DEFB of 16 bytes
8B04:404050D8
8B08:C88C8686
8B0C:0E0EFEFE
8B10:0001150F	DEFB of 16 bytes
8B14:03000000
8B18:00000000
8B1C:03030003
8B20:1850E0E0	DEFB of 16 bytes
8B24:C1000303
8B28:02020000
8B2C:83DB5DDE
8B30:760DF3EF	DEFB of 16 bytes
8B34:EF1E6F6C
8B38:4146817A
8B3C:9DFD0000
8B40:BEBEBCBC	DEFB of 16 bytes
8B44:78E000C0
8B48:E00070D0
8B4C:B0E00000
8B50:0F3F615E	DEFB of 16 bytes
8B54:535B594E
8B58:60133C38
8B5C:1F151500
8B60:FEFFFFFF	DEFB of 16 bytes
8B64:473B656D
8B68:4D398347
8B6C:FE595B18
8B70:00B0B6DE	DEFB of 16 bytes
8B74:DBDB9BB6
8B78:76C2BC7E
8B7C:3D1E1E1E
8B80:00000080	DEFB of 16 bytes
8B84:404050D8
8B88:C88C8686
8B8C:0E8EBEBE
8B90:00151F03	DEFB of 16 bytes
8B94:00000000
8B98:00000000
8B9C:00000000
8BA0:1851E2EE	DEFB of 16 bytes
8BA4:05306CCC
8BA8:9810181E
8BAC:021E0007
8BB0:1E0FC0EF	DEFB of 16 bytes
8BB4:EFE00D0D
8BB8:090916DA
8BBC:DAEE01BB
8BC0:BEBE3C3C	DEFB of 16 bytes
8BC4:78608080
8BC8:00000000
8BCC:00000000
8BD0:0F3F6140	DEFB of 16 bytes
8BD4:5E535B59
8BD8:6E133C38
8BDC:1F151500
8BE0:FEFFFFFF	DEFB of 16 bytes
8BE4:47033D65
8BE8:6D4DBB47
8BEC:FE595B18
8BF0:00B0B6DE	DEFB of 16 bytes
8BF4:DBDB9BB6
8BF8:76C2BC7E
8BFC:7D3B3A3A
8C00:00000080	DEFB of 16 bytes
8C04:404050D8
8C08:C88C8686
8C0C:0E0EFEFE
8C10:0001150F	DEFB of 16 bytes
8C14:03000000
8C18:00000303
8C1C:00030000
8C20:1850E0E0	DEFB of 16 bytes
8C24:C1000303
8C28:020281DB
8C2C:5DDE0000
8C30:760DF3EF	DEFB of 16 bytes
8C34:EF1E6F6F
8C38:43408100
8C3C:817A9DFD
8C40:BEBEBCBC	DEFB of 16 bytes
8C44:78E0C0C0
8C48:20C0E000
8C4C:70D0B0E0
8C50:00000001	DEFB of 16 bytes
8C54:02020A1B
8C58:13316161
8C5C:70707F7F
8C60:000D6D7B	DEFB of 16 bytes
8C64:DBDBD96D
8C68:6E433D7E
8C6C:BEDC5CAE
8C70:0000FFFF	DEFB of 16 bytes
8C74:FFFE82BC
8C78:A636B2DD
8C7C:E27F9ADA
8C80:0000F0FC	DEFB of 16 bytes
8C84:867ACADA
8C88:9A76C83C
8C8C:1CF8A8A8
8C90:7D7D3D3D	DEFB of 16 bytes
8C94:1E070007
8C98:0F011E2F
8C9C:363D0300
8CA0:DDEBF3FB	DEFB of 16 bytes
8CA4:FD7E7FB8
8CA8:D0E08040
8CAC:F0CCF03C
8CB0:188AC7F7	DEFB of 16 bytes
8CB4:E30CB6B3
8CB8:D9C8E0F3
8CBC:EDDE3C30
8CC0:0080A8F0	DEFB of 16 bytes
8CC4:C0000000
8CC8:206098D8
8CCC:E0800000
8CD0:00000001	DEFB of 16 bytes
8CD4:02020A1B
8CD8:13316161
8CDC:70707F7F
8CE0:000D6D7B	DEFB of 16 bytes
8CE4:DBDBD96D
8CE8:6E433D7E
8CEC:BEDC5C5C
8CF0:7FFFFFFF	DEFB of 16 bytes
8CF4:E2C0BCA6
8CF8:B6B2DDE2
8CFC:7F9ADA18
8D00:F0FC8602	DEFB of 16 bytes
8D04:7ACADA9A
8D08:76C83C1C
8D0C:F8A8A800
8D10:7D7D3D3D	DEFB of 16 bytes
8D14:1E070003
8D18:07000E0B
8D1C:0D070000
8D20:6EB0CFF7	DEFB of 16 bytes
8D24:F778F636
8D28:8262815E
8D2C:B9BF0000
8D30:180A0707	DEFB of 16 bytes
8D34:8300C0C0
8D38:40400000
8D3C:C1DBBA7B
8D40:0080A8F0	DEFB of 16 bytes
8D44:C0000000
8D48:00000000
8D4C:C0C000C0
8D50:00000001	DEFB of 16 bytes
8D54:02020A1B
8D58:13316161
8D5C:70717D7D
8D60:000D6D7B	DEFB of 16 bytes
8D64:DBDBD96D
8D68:6E433D7E
8D6C:BC787878
8D70:7FFFFFFF	DEFB of 16 bytes
8D74:E2DCA6B6
8D78:B29CC1E2
8D7C:7F9ADA18
8D80:F0FC867A	DEFB of 16 bytes
8D84:CADA9A72
8D88:06C83C1C
8D8C:F8A8A800
8D90:7D7D3C3C	DEFB of 16 bytes
8D94:1E060101
8D98:00000000
8D9C:00000000
8DA0:78F003F7	DEFB of 16 bytes
8DA4:F707B0B0
8DA8:9090685B
8DAC:5B7780DD
8DB0:188A4777	DEFB of 16 bytes
8DB4:A00C3633
8DB8:19081878
8DBC:407800E0
8DC0:00A8F8C0	DEFB of 16 bytes
8DC4:00000000
8DC8:00000000
8DCC:00000000
8DD0:00000001	DEFB of 16 bytes
8DD4:02020A1B
8DD8:13316161
8DDC:70707F7F
8DE0:000D6D7B	DEFB of 16 bytes
8DE4:DBDBD96D
8DE8:6E433D7E
8DEC:BEDC5C5C
8DF0:7FFFFFFF	DEFB of 16 bytes
8DF4:E2C0BCA6
8DF8:B6B2DDE2
8DFC:7F9ADA18
8E00:F0FC8602	DEFB of 16 bytes
8E04:7ACADA9A
8E08:76C83C1C
8E0C:F8A8A800
8E10:7D7D3D3D	DEFB of 16 bytes
8E14:1E070303
8E18:04030700
8E1C:0E0B0D07
8E20:6EB0CFF7	DEFB of 16 bytes
8E24:F778F6F6
8E28:C2028100
8E2C:815EB9BF
8E30:180A0707	DEFB of 16 bytes
8E34:8300C0C0
8E38:404081DB
8E3C:BA7B0000
8E40:0080A8F0	DEFB of 16 bytes
8E44:C0000000
8E48:0000C0C0
8E4C:00C00000
8E50:03040912	DEFB of 16 bytes
8E54:150A0919
8E58:191A1B14
8E5C:15151414
8E60:E016E813	DEFB of 16 bytes
8E64:FC3FDC6B
8E68:26E417F8
8E6C:AF00DB92
8E70:00C020D0	DEFB of 16 bytes
8E74:28D454AA
8E78:ABAA6BEA
8E7C:D5D55B6B
8E80:00000000	DEFB of 16 bytes
8E84:00000000
8E88:00C060B0
8E8C:D8ECF6FB
8E90:0A0A0000	DEFB of 16 bytes
8E94:00000000
8E98:00000804
8E9C:09050100
8EA0:496D3F00	DEFB of 16 bytes
8EA4:07070609
8EA8:1A11081D
8EAC:B8D0E060
8EB0:6B57CF1F	DEFB of 16 bytes
8EB4:BE5DEA71
8EB8:877F4180
8EBC:071B0618
8EC0:BEBEBC7C	DEFB of 16 bytes
8EC4:FAE61EFE
8EC8:FEDE40F0
8ECC:68800000
8ED0:00030409	DEFB of 16 bytes
8ED4:12150A09
8ED8:19191A1B
8EDC:14151514
8EE0:00E016E8	DEFB of 16 bytes
8EE4:13FC3FDC
8EE8:6B26E417
8EEC:F8AF00DB
8EF0:0000C020	DEFB of 16 bytes
8EF4:D028D454
8EF8:AAABAA6B
8EFC:EAD5D55B
8F00:00000000	DEFB of 16 bytes
8F04:00000000
8F08:0000C060
8F0C:B0D8ECF6
8F10:140A0A00	DEFB of 16 bytes
8F14:00000000
8F18:00000000
8F1C:00010001
8F20:496D3F00	DEFB of 16 bytes
8F24:07070708
8F28:0F070B0D
8F2C:0C807CBC
8F30:6B57C72F	DEFB of 16 bytes
8F34:EFEEE01D
8F38:DFC3D594
8F3C:670A6000
8F40:BEBEBC7C	DEFB of 16 bytes
8F44:7AE61EFE
8F48:FEDC5CCC
8F4C:40000000
8F50:00030409	DEFB of 16 bytes
8F54:12150A09
8F58:19191A1B
8F5C:14151514
8F60:00E016E8	DEFB of 16 bytes
8F64:13FC3FDC
8F68:6B26E417
8F6C:F8AF00DB
8F70:0000C020	DEFB of 16 bytes
8F74:D028D454
8F78:AAABAA6B
8F7C:EAD5D55B
8F80:00000000	DEFB of 16 bytes
8F84:00000000
8F88:0000C060
8F8C:B0D8ECF6
8F90:140A0A00	DEFB of 16 bytes
8F94:00000000
8F98:00000000
8F9C:00000000
8FA0:00496D3F	DEFB of 16 bytes
8FA4:00070708
8FA8:0F0F0C0D
8FAC:00010000
8FB0:6B53C327	DEFB of 16 bytes
8FB4:F7F0FB03
8FB8:F8FA028C
8FBC:3EBE007F
8FC0:BEBEBCBC	DEFB of 16 bytes
8FC4:BA669EBE
8FC8:3EBEBC38
8FCC:80808080
8FD0:00030409	DEFB of 16 bytes
8FD4:12150A09
8FD8:19191A1B
8FDC:14151514
8FE0:00E016E8	DEFB of 16 bytes
8FE4:13FC3FDC
8FE8:6B26E417
8FEC:F8AF00DB
8FF0:0000C020	DEFB of 16 bytes
8FF4:D028D454
8FF8:AAABAA6B
8FFC:EAD5D55B
9000:00000000	DEFB of 16 bytes
9004:00000000
9008:0000C060
900C:B0D8ECF6
9010:140A0A00	DEFB of 16 bytes
9014:00000000
9018:00000001
901C:00010000
9020:00496D3F	DEFB of 16 bytes
9024:00070708
9028:1F070B8D
902C:7CBC0000
9030:6B57C72F	DEFB of 16 bytes
9034:EFEEE01D
9038:DFC3D594
903C:011A071B
9040:BEBEBC7C	DEFB of 16 bytes
9044:7AE61EFE
9048:FCFC1CCC
904C:4000E0E0
9050:00000000	DEFB of 16 bytes
9054:00000000
9058:0003060D
905C:1B376FDF
9060:0003040B	DEFB of 16 bytes
9064:142B2A55
9068:D555D657
906C:ABABDAD6
9070:076817C8	DEFB of 16 bytes
9074:3FFC3BD6
9078:6427E81F
907C:F500DB49
9080:C0209048	DEFB of 16 bytes
9084:A8509098
9088:9858D828
908C:A8A82828
9090:7D7D3D3E	DEFB of 16 bytes
9094:5F67787F
9098:7F7B020F
909C:16010000
90A0:D6EAF3F8	DEFB of 16 bytes
90A4:7DBA578E
90A8:E1FE8201
90AC:E0D86018
90B0:92B6FC00	DEFB of 16 bytes
90B4:E0E06090
90B8:588810B8
90BC:1D0B0706
90C0:50500000	DEFB of 16 bytes
90C4:00000000
90C8:00001020
90CC:90A08000
90D0:00000000	DEFB of 16 bytes
90D4:00000000
90D8:00000306
90DC:0D1B376F
90E0:00000304	DEFB of 16 bytes
90E4:0B142B2A
90E8:55D555D6
90EC:57ABABDA
90F0:00076817	DEFB of 16 bytes
90F4:C83FFC3B
90F8:D66427E8
90FC:1FF500DB
9100:00C02090	DEFB of 16 bytes
9104:48A85090
9108:989858D8
910C:28A8A828
9110:7D7D3D3E	DEFB of 16 bytes
9114:5E67787F
9118:7F3B3A33
911C:02000000
9120:D6EAE3F4	DEFB of 16 bytes
9124:F77707B8
9128:FBC3AB29
912C:E6500600
9130:92B6FC00	DEFB of 16 bytes
9134:E0E0E010
9138:F0E0D0B0
913C:30013E3D
9140:28505000	DEFB of 16 bytes
9144:00000000
9148:00000000
914C:00800080
9150:00000000	DEFB of 16 bytes
9154:00000000
9158:00000306
915C:0D1B376F
9160:00000304	DEFB of 16 bytes
9164:0B142B2A
9168:55D555D6
916C:57ABABDA
9170:00076817	DEFB of 16 bytes
9174:C83FFC3B
9178:D66427E8
917C:1FF500DB
9180:00C02090	DEFB of 16 bytes
9184:48A85090
9188:989858D8
918C:28A8A828
9190:7D7D3D3D	DEFB of 16 bytes
9194:5D66797D
9198:7C7D3D1C
919C:01010101
91A0:D6CAC3E4	DEFB of 16 bytes
91A4:EF0FDFC0
91A8:1F5F4031
91AC:7C7D00FE
91B0:0092B6FC	DEFB of 16 bytes
91B4:00E0E010
91B8:F0F030B0
91BC:00800000
91C0:28505000	DEFB of 16 bytes
91C4:00000000
91C8:00000000
91CC:00000000
91D0:00000000	DEFB of 16 bytes
91D4:00000000
91D8:00000306
91DC:0D1B376F
91E0:00000304	DEFB of 16 bytes
91E4:0B142B2A
91E8:55D555D6
91EC:57ABABDA
91F0:00076817	DEFB of 16 bytes
91F4:C83FFC3B
91F8:D66427E8
91FC:1FF500DB
9200:00C02090	DEFB of 16 bytes
9204:48A85090
9208:989858D8
920C:28A8A828
9210:7D7D3D3E	DEFB of 16 bytes
9214:5E67787F
9218:3F3F3833
921C:02000707
9220:D6EAE3F4	DEFB of 16 bytes
9224:F77707B8
9228:FBC3AB29
922C:8058E0D8
9230:0092B6FC	DEFB of 16 bytes
9234:00E0E010
9238:F8E0D0B1
923C:3E3D0000
9240:28505000	DEFB of 16 bytes
9244:00000000
9248:00000080
924C:00800000
9250:0A15150F	DEFB of 16 bytes
9254:130D1312
9258:0D111E1C
925C:0C0F0706
9260:A04A55FD	DEFB of 16 bytes
9264:E6CFB74B
9268:4BB7473F
926C:3BF2E103
9270:00800080	DEFB of 16 bytes
9274:8F9FBF9F
9278:5F5E5DBB
927C:BBB76F5F
9280:00000000	DEFB of 16 bytes
9284:80E0F8FC
9288:FC3EDEDE
928C:DFDFBF7F
9290:03060507	DEFB of 16 bytes
9294:00000000
9298:00000C03
929C:0E020000
92A0:3AF6CC81	DEFB of 16 bytes
92A4:0300070A
92A8:0A001F2A
92AC:F4D8B030
92B0:3E7DF8E7	DEFB of 16 bytes
92B4:DF3F7F83
92B8:81000000
92BC:01051A06
92C0:FFC13AFC	DEFB of 16 bytes
92C4:FCFCF8F0
92C8:F0A05874
92CC:E8E08000
92D0:000A1515	DEFB of 16 bytes
92D4:0F130D13
92D8:120D111E
92DC:1C0C0F07
92E0:00A04A55	DEFB of 16 bytes
92E4:FDE6CFB7
92E8:4B4BB747
92EC:3F3BF2E1
92F0:00008000	DEFB of 16 bytes
92F4:808F9FBF
92F8:9F5F5E5D
92FC:BBBBB76F
9300:00000000	DEFB of 16 bytes
9304:0080E0F8
9308:FCFC3EDE
930C:DEDFDFBF
9310:0007060D	DEFB of 16 bytes
9314:0D070000
9318:00000000
931C:01010001
9320:0A36ECC1	DEFB of 16 bytes
9324:C0830504
9328:0103060A
932C:85F857DF
9330:1FDFBF7E	DEFB of 16 bytes
9334:7D7B17E3
9338:53530076
933C:176D0000
9340:BF413AFC	DEFB of 16 bytes
9344:FCFCF8F0
9348:F0A0C0A0
934C:E0E00000
9350:000A1515	DEFB of 16 bytes
9354:0F170719
9358:2425191E
935C:1C0C0F07
9360:00A04A55	DEFB of 16 bytes
9364:FDE6CFB7
9368:4B4BB747
936C:3F3BF2E1
9370:00008000	DEFB of 16 bytes
9374:808F9FBF
9378:9F5F5E5D
937C:BBBBBB7B
9380:00000000	DEFB of 16 bytes
9384:0080E0F8
9388:FCFC3EDE
938C:DEDFDFDF
9390:00030606	DEFB of 16 bytes
9394:0E0D0D05
9398:05030000
939C:00000000
93A0:0A36EDE0	DEFB of 16 bytes
93A4:C7CACAE0
93A8:E0C00607
93AC:1117001D
93B0:1BDB83BB	DEFB of 16 bytes
93B4:37B7B00E
93B8:1515007F
93BC:7BDD00FC
93C0:BF81BABC	DEFB of 16 bytes
93C4:7C7CF870
93C8:40408000
93CC:00000000
93D0:000A1515	DEFB of 16 bytes
93D4:0F170719
93D8:2425191E
93DC:1C0C0F07
93E0:00A04A55	DEFB of 16 bytes
93E4:FDE6CFB7
93E8:4B4BB747
93EC:3F3BF2E1
93F0:00008000	DEFB of 16 bytes
93F4:808F9FBF
93F8:9F5F5E5D
93FC:BBBBB76F
9400:00000000	DEFB of 16 bytes
9404:0080E0F8
9408:FCFC3EDE
940C:DEDFDFBF
9410:0007060D	DEFB of 16 bytes
9414:0D070000
9418:00000303
941C:00030000
9420:0A36ECC1	DEFB of 16 bytes
9424:C0830504
9428:010306F9
942C:AEBE0000
9430:6F1FDFDE	DEFB of 16 bytes
9434:DE013B54
9438:5503A303
943C:C1F61BFB
9440:BF7F7F81	DEFB of 16 bytes
9444:7AFCFCF8
9448:F0C0E0A0
944C:50D0B0E0
9450:00000000	DEFB of 16 bytes
9454:01071F3F
9458:3F7C7B7B
945C:FBFBFDFE
9460:00010001	DEFB of 16 bytes
9464:F1F9FDF9
9468:FA7ABADD
946C:DDEDF6FA
9470:0552AABF	DEFB of 16 bytes
9474:67F3EDD2
9478:D2EDE2FC
947C:DC4F87C0
9480:50A8A8F0	DEFB of 16 bytes
9484:C8B0C848
9488:B0887838
948C:30F0E060
9490:FF835C3F	DEFB of 16 bytes
9494:3F3F1F0F
9498:0F051A2E
949C:17070100
94A0:7CBE1FE7	DEFB of 16 bytes
94A4:FBFCFEC1
94A8:81000000
94AC:80A05860
94B0:5C6F3381	DEFB of 16 bytes
94B4:C000E050
94B8:5000F854
94BC:2F1B0D0C
94C0:C060A0E0	DEFB of 16 bytes
94C4:00000000
94C8:000030C0
94CC:70400000
94D0:00000000	DEFB of 16 bytes
94D4:0001071F
94D8:3F3F7C7B
94DC:7BFBFBFD
94E0:00000100	DEFB of 16 bytes
94E4:01F1F9FD
94E8:F9FA7ABA
94EC:DDDDEDF6
94F0:000552AA	DEFB of 16 bytes
94F4:BF67F3ED
94F8:D2D2EDE2
94FC:FCDC4F87
9500:0050A8A8	DEFB of 16 bytes
9504:F0C8B0C8
9508:48B08878
950C:3830F0E0
9510:FD825C3F	DEFB of 16 bytes
9514:3F3F1F0F
9518:0F050305
951C:07070000
9520:F8FBFD7E	DEFB of 16 bytes
9524:BEDEE8C7
9528:CACA006E
952C:E8B60000
9530:506C3783	DEFB of 16 bytes
9534:03C1A020
9538:80C06050
953C:A11FEAFB
9540:00E060B0	DEFB of 16 bytes
9544:B0E00000
9548:00000000
954C:80800080
9550:00000000	DEFB of 16 bytes
9554:0001071F
9558:3F3F7C7B
955C:7BFBFBFB
9560:00000100	DEFB of 16 bytes
9564:01F1F9FD
9568:F9FA7ABA
956C:DDDDDDDE
9570:000552AA	DEFB of 16 bytes
9574:BF67F3ED
9578:D2D2EDE2
957C:FCDC4F87
9580:0050A8A8	DEFB of 16 bytes
9584:F0E8E098
9588:24A49878
958C:3830F0E0
9590:FD815D3D	DEFB of 16 bytes
9594:3E3E1F0E
9598:02020100
959C:00000000
95A0:D8DBC1DD	DEFB of 16 bytes
95A4:ECED0D70
95A8:A8A800FE
95AC:DEBB003F
95B0:506CB707	DEFB of 16 bytes
95B4:E3535307
95B8:070360E0
95BC:88E800B8
95C0:00C06060	DEFB of 16 bytes
95C4:70B0B0A0
95C8:A0C00000
95CC:00000000
95D0:00000000	DEFB of 16 bytes
95D4:0001071F
95D8:3F3F7C7B
95DC:7BFBFBFD
95E0:00000100	DEFB of 16 bytes
95E4:01F1F9FD
95E8:F9FA7ABA
95EC:DDDDEDF6
95F0:000552AA	DEFB of 16 bytes
95F4:BF67F3ED
95F8:D2D2EDE2
95FC:FCDC4F87
9600:0050A8A8	DEFB of 16 bytes
9604:F0E8E098
9608:24A49878
960C:3830F0E0
9610:FDFEFE81	DEFB of 16 bytes
9614:5E3F3F1F
9618:0F030705
961C:0A0B0D07
9620:F6F8FB7B	DEFB of 16 bytes
9624:7B80DC2A
9628:AAC0C5C0
962C:836FD8DF
9630:506C3783	DEFB of 16 bytes
9634:03C1A020
9638:80C0609F
963C:757D0000
9640:00E060B0	DEFB of 16 bytes
9644:B0E00000
9648:0000C0C0
964C:00C00000
		End of INCLUDE
9650:		label SPRITES
9650:00000000	DEFS of 128 bytes with value 00
9654:00000000
9658:00000000
965C:00000000
9660:00000000
9664:00000000
9668:00000000
966C:00000000
9670:00000000
9674:00000000
9678:00000000
967C:00000000
9680:00000000
9684:00000000
9688:00000000
968C:00000000
9690:00000000
9694:00000000
9698:00000000
969C:00000000
96A0:00000000
96A4:00000000
96A8:00000000
96AC:00000000
96B0:00000000
96B4:00000000
96B8:00000000
96BC:00000000
96C0:00000000
96C4:00000000
96C8:00000000
96CC:00000000
96D0:		label SPRITES_ANTERIOR
96D0:00000000	DEFS of 64 bytes with value 00
96D4:00000000
96D8:00000000
96DC:00000000
96E0:00000000
96E4:00000000
96E8:00000000
96EC:00000000
96F0:00000000
96F4:00000000
96F8:00000000
96FC:00000000
9700:00000000
9704:00000000
9708:00000000
970C:00000000
9710:		label TICKS
9710:0000	DEFS of 2 bytes with value 00
9712:		END 8000
Emiting TAP basic loader
Emiting TAP from 8000 to 9711
